<?xml version="1.0" encoding="UTF-8"?>
<!-- Generated by org.testng.reporters.JUnitReportReporter -->
<testsuite hostname="Ajaireddie" failures="0" tests="1" name="bstack.NewTest" time="5.094" errors="0" timestamp="2025-09-02T10:23:07 IST" skipped="0">
  <testcase classname="bstack.NewTest" name="f" time="5.094"/>
</testsuite> <!-- bstack.NewTest -->
